{
  "RSpec": {
    "coverage": {
      "/Users/notmarkmiranda/turing/3module/projects/storedom/app/helpers/application_helper.rb": [
        1,
        null
      ],
      "/Users/notmarkmiranda/turing/3module/projects/storedom/app/helpers/items_helper.rb": [
        1,
        null
      ],
      "/Users/notmarkmiranda/turing/3module/projects/storedom/app/helpers/orders_helper.rb": [
        1,
        null
      ],
      "/Users/notmarkmiranda/turing/3module/projects/storedom/app/helpers/users_helper.rb": [
        1,
        null
      ],
      "/Users/notmarkmiranda/turing/3module/projects/storedom/app/controllers/items_controller.rb": [
        1,
        1,
        2,
        null,
        null,
        1,
        0,
        null,
        null
      ],
      "/Users/notmarkmiranda/turing/3module/projects/storedom/app/controllers/application_controller.rb": [
        1,
        1,
        null,
        null,
        1,
        null
      ],
      "/Users/notmarkmiranda/turing/3module/projects/storedom/app/models/item.rb": [
        1,
        1,
        1,
        null
      ],
      "/Users/notmarkmiranda/turing/3module/projects/storedom/app/controllers/results_controller.rb": [
        1,
        null,
        1,
        2,
        2,
        2,
        null,
        null,
        1,
        1,
        1,
        null,
        null
      ],
      "/Users/notmarkmiranda/turing/3module/projects/storedom/app/models/result.rb": [
        1,
        1,
        null,
        1,
        35,
        35,
        35,
        35,
        35,
        35,
        35,
        35,
        35,
        35,
        null,
        null,
        1,
        1,
        null,
        null,
        1,
        2,
        34,
        null,
        null,
        null,
        1,
        null,
        1,
        3,
        null,
        null,
        null
      ],
      "/Users/notmarkmiranda/turing/3module/projects/storedom/app/services/best_buy_service.rb": [
        1,
        1,
        3,
        3,
        3,
        3,
        null,
        3,
        null,
        null,
        1,
        2,
        2,
        null,
        null,
        1,
        1,
        1,
        null,
        null,
        1,
        3,
        3,
        null,
        null,
        null,
        1,
        1,
        15,
        null,
        null,
        1,
        3,
        3,
        3,
        3,
        null,
        null,
        null,
        1,
        3,
        null,
        null,
        null,
        null,
        null
      ],
      "/Users/notmarkmiranda/turing/3module/projects/storedom/app/controllers/api/v1/items_controller.rb": [
        1,
        1,
        null,
        1,
        1,
        null,
        null,
        1,
        1,
        null,
        null,
        1,
        1,
        null,
        null,
        1,
        1,
        null,
        null,
        1,
        1,
        1,
        null,
        null
      ],
      "/Users/notmarkmiranda/turing/3module/projects/storedom/app/controllers/api/api_controller.rb": [
        1,
        null,
        null,
        1,
        null
      ],
      "/Users/notmarkmiranda/turing/3module/projects/storedom/app/serializers/item_serializer.rb": [
        1,
        1,
        null
      ],
      "/Users/notmarkmiranda/turing/3module/projects/storedom/app/controllers/orders_controller.rb": [
        0,
        0,
        0,
        0,
        0,
        0,
        0,
        0,
        0
      ],
      "/Users/notmarkmiranda/turing/3module/projects/storedom/app/controllers/users_controller.rb": [
        0,
        0,
        0,
        0,
        0,
        0,
        0,
        0,
        0
      ],
      "/Users/notmarkmiranda/turing/3module/projects/storedom/app/models/order.rb": [
        0,
        0,
        0,
        0,
        0,
        0
      ],
      "/Users/notmarkmiranda/turing/3module/projects/storedom/app/models/order_item.rb": [
        0,
        0,
        0,
        0
      ],
      "/Users/notmarkmiranda/turing/3module/projects/storedom/app/models/user.rb": [
        0,
        0,
        0
      ]
    },
    "timestamp": 1465926994
  }
}
